
*** Running vivado
    with args -log definitive_processing_system7_0_0.vds -m64 -product Vivado -mode batch -messageDb vivado.pb -notrace -source definitive_processing_system7_0_0.tcl


****** Vivado v2017.3 (64-bit)
  **** SW Build 2018833 on Wed Oct  4 19:58:22 MDT 2017
  **** IP Build 2016188 on Wed Oct  4 21:52:56 MDT 2017
    ** Copyright 1986-2017 Xilinx, Inc. All Rights Reserved.

source definitive_processing_system7_0_0.tcl -notrace
Starting RTL Elaboration : Time (s): cpu = 00:00:10 ; elapsed = 00:00:11 . Memory (MB): peak = 355.035 ; gain = 106.004
INFO: [Synth 8-638] synthesizing module 'definitive_processing_system7_0_0' [c:/Users/user2/Documents/Vivado/definitive_vga_project/definitive_vga_project.srcs/sources_1/bd/definitive/ip/definitive_processing_system7_0_0/synth/definitive_processing_system7_0_0.v:60]
INFO: [Synth 8-638] synthesizing module 'processing_system7_v5_5_processing_system7' [c:/Users/user2/Documents/Vivado/definitive_vga_project/definitive_vga_project.srcs/sources_1/bd/definitive/ip/definitive_processing_system7_0_0/hdl/verilog/processing_system7_v5_5_processing_system7.v:162]
INFO: [Synth 8-638] synthesizing module 'BUFG' [C:/Xilinx/Vivado/2017.3/scripts/rt/data/unisim_comp.v:607]
INFO: [Synth 8-256] done synthesizing module 'BUFG' (1#1) [C:/Xilinx/Vivado/2017.3/scripts/rt/data/unisim_comp.v:607]
INFO: [Synth 8-638] synthesizing module 'BIBUF' [C:/Xilinx/Vivado/2017.3/scripts/rt/data/unisim_comp.v:268]
INFO: [Synth 8-256] done synthesizing module 'BIBUF' (2#1) [C:/Xilinx/Vivado/2017.3/scripts/rt/data/unisim_comp.v:268]
INFO: [Synth 8-638] synthesizing module 'PS7' [C:/Xilinx/Vivado/2017.3/scripts/rt/data/unisim_comp.v:40559]
INFO: [Synth 8-256] done synthesizing module 'PS7' (3#1) [C:/Xilinx/Vivado/2017.3/scripts/rt/data/unisim_comp.v:40559]
INFO: [Synth 8-256] done synthesizing module 'processing_system7_v5_5_processing_system7' (4#1) [c:/Users/user2/Documents/Vivado/definitive_vga_project/definitive_vga_project.srcs/sources_1/bd/definitive/ip/definitive_processing_system7_0_0/hdl/verilog/processing_system7_v5_5_processing_system7.v:162]
INFO: [Synth 8-256] done synthesizing module 'definitive_processing_system7_0_0' (5#1) [c:/Users/user2/Documents/Vivado/definitive_vga_project/definitive_vga_project.srcs/sources_1/bd/definitive/ip/definitive_processing_system7_0_0/synth/definitive_processing_system7_0_0.v:60]
Finished RTL Elaboration : Time (s): cpu = 00:00:12 ; elapsed = 00:00:13 . Memory (MB): peak = 407.195 ; gain = 158.164
Finished RTL Optimization Phase 1 : Time (s): cpu = 00:00:12 ; elapsed = 00:00:14 . Memory (MB): peak = 407.195 ; gain = 158.164
INFO: [Device 21-403] Loading part xc7z010clg400-1
Constraint Validation Runtime : Time (s): cpu = 00:00:00 ; elapsed = 00:00:00.044 . Memory (MB): peak = 666.328 ; gain = 0.000
Finished Constraint Validation : Time (s): cpu = 00:00:35 ; elapsed = 00:00:40 . Memory (MB): peak = 666.328 ; gain = 417.297
Finished Loading Part and Timing Information : Time (s): cpu = 00:00:35 ; elapsed = 00:00:40 . Memory (MB): peak = 666.328 ; gain = 417.297
Finished applying 'set_property' XDC Constraints : Time (s): cpu = 00:00:35 ; elapsed = 00:00:41 . Memory (MB): peak = 666.328 ; gain = 417.297
Finished RTL Optimization Phase 2 : Time (s): cpu = 00:00:36 ; elapsed = 00:00:42 . Memory (MB): peak = 666.328 ; gain = 417.297
Finished Cross Boundary and Area Optimization : Time (s): cpu = 00:00:37 ; elapsed = 00:00:44 . Memory (MB): peak = 666.328 ; gain = 417.297
Finished Applying XDC Timing Constraints : Time (s): cpu = 00:00:58 ; elapsed = 00:01:06 . Memory (MB): peak = 885.699 ; gain = 636.668
Finished Timing Optimization : Time (s): cpu = 00:00:58 ; elapsed = 00:01:06 . Memory (MB): peak = 905.566 ; gain = 656.535
Finished Technology Mapping : Time (s): cpu = 00:01:00 ; elapsed = 00:01:08 . Memory (MB): peak = 911.098 ; gain = 662.066
Finished IO Insertion : Time (s): cpu = 00:01:03 ; elapsed = 00:01:11 . Memory (MB): peak = 911.098 ; gain = 662.066
Finished Renaming Generated Instances : Time (s): cpu = 00:01:03 ; elapsed = 00:01:11 . Memory (MB): peak = 911.098 ; gain = 662.066
Finished Rebuilding User Hierarchy : Time (s): cpu = 00:01:03 ; elapsed = 00:01:11 . Memory (MB): peak = 911.098 ; gain = 662.066
Finished Renaming Generated Ports : Time (s): cpu = 00:01:03 ; elapsed = 00:01:12 . Memory (MB): peak = 911.098 ; gain = 662.066
Finished Handling Custom Attributes : Time (s): cpu = 00:01:03 ; elapsed = 00:01:12 . Memory (MB): peak = 911.098 ; gain = 662.066
Finished Renaming Generated Nets : Time (s): cpu = 00:01:03 ; elapsed = 00:01:12 . Memory (MB): peak = 911.098 ; gain = 662.066

Report Cell Usage: 
+------+------+------+
|      |Cell  |Count |
+------+------+------+
|1     |BIBUF |   130|
|2     |BUFG  |     2|
|3     |LUT1  |   112|
|4     |PS7   |     1|
+------+------+------+
Finished Writing Synthesis Report : Time (s): cpu = 00:01:03 ; elapsed = 00:01:12 . Memory (MB): peak = 911.098 ; gain = 662.066
synth_design: Time (s): cpu = 00:01:06 ; elapsed = 00:01:16 . Memory (MB): peak = 922.051 ; gain = 680.605
